info: Jun-18-2025 03:04:29: 	Server started at 9876 ✅
info: Jun-18-2025 03:04:30: 	Connection Succeed 🙌
info: Jun-18-2025 03:17:25: 	[0mPOST /client/api/v1/auth/register [32m200[0m 278.698 ms - 432[0m

info: Jun-18-2025 03:17:54: 	[0mPOST /client/api/v1/auth/register [33m422[0m 75.022 ms - 55[0m

info: Jun-18-2025 03:19:17: 	[0mPOST /client/api/v1/auth/login [33m422[0m 72.524 ms - 47[0m

info: Jun-18-2025 03:19:21: 	[0mPOST /client/api/v1/auth/login [33m422[0m 91.421 ms - 47[0m

info: Jun-18-2025 03:19:26: 	[0mPOST /client/api/v1/auth/login [33m422[0m 155.921 ms - 48[0m

info: Jun-18-2025 03:19:30: 	[0mPOST /client/api/v1/auth/login [32m200[0m 132.483 ms - 392[0m

info: Jun-18-2025 03:20:21: 	Server started at 9876 ✅
info: Jun-18-2025 03:20:22: 	Connection Succeed 🙌
info: Jun-18-2025 03:20:27: 	Server started at 9876 ✅
info: Jun-18-2025 03:20:28: 	Connection Succeed 🙌
info: Jun-18-2025 03:20:40: 	Server started at 9876 ✅
info: Jun-18-2025 03:20:40: 	Connection Succeed 🙌
info: Jun-18-2025 03:22:46: 	[0mPOST /client/api/v1/product/all [33m401[0m 4.799 ms - 64[0m

info: Jun-18-2025 03:23:05: 	[0mPOST /client/api/v1/product/all [33m401[0m 61.652 ms - 64[0m

info: Jun-18-2025 03:23:56: 	[0mPOST /client/api/v1/product/all [33m401[0m 79.444 ms - 64[0m

info: Jun-18-2025 03:24:14: 	[0mPOST /client/api/v1/product/all [33m401[0m 65.386 ms - 64[0m

info: Jun-18-2025 03:24:30: 	Server started at 9876 ✅
info: Jun-18-2025 03:24:30: 	Connection Succeed 🙌
info: Jun-18-2025 03:24:31: 	Server started at 9876 ✅
info: Jun-18-2025 03:24:32: 	Connection Succeed 🙌
info: Jun-18-2025 03:24:35: 	Server started at 9876 ✅
info: Jun-18-2025 03:24:35: 	Connection Succeed 🙌
info: Jun-18-2025 03:24:42: 	Server started at 9876 ✅
info: Jun-18-2025 03:24:43: 	Server started at 9876 ✅
info: Jun-18-2025 03:24:44: 	Connection Succeed 🙌
info: Jun-18-2025 03:24:47: 	Server started at 9876 ✅
info: Jun-18-2025 03:24:48: 	Connection Succeed 🙌
info: Jun-18-2025 03:24:50: 	Server started at 9876 ✅
info: Jun-18-2025 03:24:51: 	Connection Succeed 🙌
info: Jun-18-2025 03:25:02: 	[0mPOST /client/api/v1/product/all [33m401[0m 90.138 ms - 64[0m

info: Jun-18-2025 03:25:18: 	Server started at 9876 ✅
info: Jun-18-2025 03:25:19: 	Connection Succeed 🙌
info: Jun-18-2025 03:25:22: 	Server started at 9876 ✅
info: Jun-18-2025 03:25:23: 	Connection Succeed 🙌
info: Jun-18-2025 03:25:26: 	Server started at 9876 ✅
info: Jun-18-2025 03:25:26: 	Connection Succeed 🙌
info: Jun-18-2025 03:25:29: 	Server started at 9876 ✅
info: Jun-18-2025 03:25:30: 	Connection Succeed 🙌
info: Jun-18-2025 03:25:32: 	Server started at 9876 ✅
info: Jun-18-2025 03:25:33: 	Connection Succeed 🙌
info: Jun-18-2025 03:25:41: 	Server started at 9876 ✅
info: Jun-18-2025 03:25:42: 	Server started at 9876 ✅
info: Jun-18-2025 03:25:43: 	Connection Succeed 🙌
info: Jun-18-2025 03:25:48: 	Server started at 9876 ✅
info: Jun-18-2025 03:25:49: 	Connection Succeed 🙌
info: Jun-18-2025 03:25:51: 	[0mPOST /client/api/v1/product/all [33m401[0m 98.004 ms - 64[0m

info: Jun-18-2025 03:26:28: 	Server started at 9876 ✅
info: Jun-18-2025 03:26:28: 	Connection Succeed 🙌
info: Jun-18-2025 03:26:30: 	Server started at 9876 ✅
info: Jun-18-2025 03:26:31: 	Connection Succeed 🙌
info: Jun-18-2025 03:26:38: 	Server started at 9876 ✅
info: Jun-18-2025 03:26:39: 	Connection Succeed 🙌
info: Jun-18-2025 03:26:41: 	Server started at 9876 ✅
info: Jun-18-2025 03:26:42: 	Connection Succeed 🙌
info: Jun-18-2025 03:26:44: 	Server started at 9876 ✅
info: Jun-18-2025 03:26:45: 	Connection Succeed 🙌
info: Jun-18-2025 03:26:53: 	Server started at 9876 ✅
info: Jun-18-2025 03:26:53: 	Connection Succeed 🙌
info: Jun-18-2025 03:26:58: 	[0mPOST /client/api/v1/product/all [33m401[0m 73.831 ms - 64[0m

info: Jun-18-2025 03:27:30: 	Server started at 9876 ✅
info: Jun-18-2025 03:27:32: 	Server started at 9876 ✅
info: Jun-18-2025 03:27:33: 	Connection Succeed 🙌
info: Jun-18-2025 03:27:39: 	[0mPOST /client/api/v1/product/all [33m401[0m 103.972 ms - 64[0m

info: Jun-18-2025 03:27:46: 	Server started at 9876 ✅
info: Jun-18-2025 03:27:47: 	Connection Succeed 🙌
info: Jun-18-2025 03:27:50: 	Server started at 9876 ✅
info: Jun-18-2025 03:27:51: 	Connection Succeed 🙌
info: Jun-18-2025 03:27:53: 	[0mPOST /client/api/v1/product/all [33m401[0m 68.726 ms - 64[0m

info: Jun-18-2025 03:28:06: 	Server started at 9876 ✅
info: Jun-18-2025 03:28:08: 	Server started at 9876 ✅
info: Jun-18-2025 03:28:10: 	Server started at 9876 ✅
info: Jun-18-2025 03:28:10: 	Connection Succeed 🙌
info: Jun-18-2025 03:28:12: 	Server started at 9876 ✅
info: Jun-18-2025 03:28:13: 	Connection Succeed 🙌
info: Jun-18-2025 03:28:24: 	[0mPOST /client/api/v1/product/all [33m401[0m 86.078 ms - 64[0m

info: Jun-18-2025 03:28:41: 	Server started at 9876 ✅
info: Jun-18-2025 03:28:41: 	Connection Succeed 🙌
info: Jun-18-2025 03:28:43: 	Server started at 9876 ✅
info: Jun-18-2025 03:28:44: 	Connection Succeed 🙌
info: Jun-18-2025 03:28:51: 	[0mPOST /client/api/v1/product/all [33m401[0m 101.509 ms - 64[0m

info: Jun-18-2025 03:29:08: 	Server started at 9876 ✅
info: Jun-18-2025 03:29:09: 	Connection Succeed 🙌
info: Jun-18-2025 03:29:23: 	[0mPOST /client/api/v1/product/all [33m401[0m 84.624 ms - 64[0m

info: Jun-18-2025 03:29:33: 	Server started at 9876 ✅
info: Jun-18-2025 03:29:35: 	Server started at 9876 ✅
info: Jun-18-2025 03:29:36: 	Connection Succeed 🙌
info: Jun-18-2025 03:29:39: 	Server started at 9876 ✅
info: Jun-18-2025 03:29:40: 	Connection Succeed 🙌
info: Jun-18-2025 03:29:42: 	Server started at 9876 ✅
info: Jun-18-2025 03:29:44: 	Server started at 9876 ✅
info: Jun-18-2025 03:29:45: 	Connection Succeed 🙌
info: Jun-18-2025 03:29:47: 	Server started at 9876 ✅
info: Jun-18-2025 03:29:48: 	Connection Succeed 🙌
info: Jun-18-2025 03:29:51: 	[0mPOST /client/api/v1/product/all [33m401[0m 96.674 ms - 64[0m

info: Jun-18-2025 03:31:02: 	[0mPOST /client/api/v1/product/all [33m401[0m 73.069 ms - 64[0m

info: Jun-18-2025 03:33:53: 	Server started at 9876 ✅
info: Jun-18-2025 03:33:55: 	Server started at 9876 ✅
info: Jun-18-2025 03:33:57: 	Server started at 9876 ✅
info: Jun-18-2025 03:33:58: 	Connection Succeed 🙌
info: Jun-18-2025 03:33:59: 	Server started at 9876 ✅
info: Jun-18-2025 03:34:01: 	Server started at 9876 ✅
info: Jun-18-2025 03:34:01: 	Connection Succeed 🙌
info: Jun-18-2025 03:34:03: 	Server started at 9876 ✅
info: Jun-18-2025 03:34:04: 	Connection Succeed 🙌
info: Jun-18-2025 03:34:23: 	Server started at 9876 ✅
info: Jun-18-2025 03:34:24: 	Connection Succeed 🙌
info: Jun-18-2025 03:36:08: 	Server started at 9876 ✅
info: Jun-18-2025 03:36:10: 	Connection Succeed 🙌
error: Jun-18-2025 03:36:18: 	Error - getProductById Service Cannot destructure property 'search' of 'body' as it is undefined.
error: Jun-18-2025 03:36:18: 	TypeError: Cannot destructure property 'search' of 'body' as it is undefined.
info: Jun-18-2025 03:36:18: 	[0mPOST /client/api/v1/product/all [31m500[0m 81.839 ms - 116[0m

info: Jun-18-2025 03:36:42: 	Server started at 9876 ✅
info: Jun-18-2025 03:36:43: 	Connection Succeed 🙌
info: Jun-18-2025 03:37:18: 	[0mPOST /client/api/v1/product/all [33m422[0m 201.426 ms - 47[0m

error: Jun-18-2025 03:39:10: 	Cannot destructure property 'name' of 'req.body' as it is undefined.
info: Jun-18-2025 03:39:10: 	[0mPOST /client/api/v1/product/create [31m500[0m 56.825 ms - 107[0m

error: Jun-18-2025 03:39:19: 	Error - ValidationError "quantity" must be a string
info: Jun-18-2025 03:39:19: 	[0mPOST /client/api/v1/product/create [33m422[0m 84.622 ms - 64[0m

info: Jun-18-2025 03:39:27: 	[0mPOST /client/api/v1/product/create [32m200[0m 146.799 ms - 270[0m

error: Jun-18-2025 03:40:23: 	Error - ValidationError "categories" is not allowed
info: Jun-18-2025 03:40:23: 	[0mPOST /client/api/v1/product/create [33m422[0m 76.632 ms - 64[0m

error: Jun-18-2025 03:40:39: 	Error - ValidationError "categories" is not allowed
info: Jun-18-2025 03:40:39: 	[0mPOST /client/api/v1/product/create [33m422[0m 56.139 ms - 64[0m

error: Jun-18-2025 03:40:44: 	Error - ValidationError "categories" is not allowed
info: Jun-18-2025 03:40:44: 	[0mPOST /client/api/v1/product/create [33m422[0m 49.155 ms - 64[0m

info: Jun-18-2025 03:41:28: 	Server started at 9876 ✅
info: Jun-18-2025 03:41:29: 	Connection Succeed 🙌
error: Jun-18-2025 03:41:30: 	Error - createProduct Service Product validation failed: categories: Cast to ObjectId failed for value "Electronics" (type string) at path "categories" because of "BSONError"
error: Jun-18-2025 03:41:30: 	ValidationError: categories: Cast to ObjectId failed for value "Electronics" (type string) at path "categories" because of "BSONError"
info: Jun-18-2025 03:41:30: 	[0mPOST /client/api/v1/product/create [31m500[0m 72.011 ms - 179[0m

error: Jun-18-2025 03:41:47: 	Error - createProduct Service E11000 duplicate key error collection: test.products index: name_1 dup key: { name: "T.v" }
error: Jun-18-2025 03:41:47: 	MongoServerError: E11000 duplicate key error collection: test.products index: name_1 dup key: { name: "T.v" }
info: Jun-18-2025 03:41:47: 	[0mPOST /client/api/v1/product/create [31m500[0m 169.088 ms - 150[0m

info: Jun-18-2025 03:42:33: 	[0mPOST /client/api/v1/product/create [32m200[0m 127.783 ms - 310[0m

info: Jun-18-2025 03:43:23: 	[0mPOST /client/api/v1/product/create [32m200[0m 105.808 ms - 310[0m

error: Jun-18-2025 03:44:17: 	Error - createProduct Service E11000 duplicate key error collection: test.products index: name_1 dup key: { name: "T.v" }
error: Jun-18-2025 03:44:17: 	MongoServerError: E11000 duplicate key error collection: test.products index: name_1 dup key: { name: "T.v" }
info: Jun-18-2025 03:44:17: 	[0mPOST /client/api/v1/product/create [31m500[0m 132.111 ms - 150[0m

info: Jun-18-2025 03:46:50: 	Server started at 9876 ✅
info: Jun-18-2025 03:46:51: 	Connection Succeed 🙌
info: Jun-18-2025 03:47:01: 	Server started at 9876 ✅
info: Jun-18-2025 03:47:02: 	Connection Succeed 🙌
error: Jun-18-2025 03:47:12: 	Product is not defined
info: Jun-18-2025 03:47:12: 	[0mPOST /client/api/v1/product/create [31m500[0m 67.804 ms - 61[0m

info: Jun-18-2025 03:47:51: 	Server started at 9876 ✅
info: Jun-18-2025 03:47:52: 	Connection Succeed 🙌
info: Jun-18-2025 03:48:05: 	Server started at 9876 ✅
info: Jun-18-2025 03:48:06: 	Connection Succeed 🙌
info: Jun-18-2025 03:48:30: 	Server started at 9876 ✅
info: Jun-18-2025 03:48:31: 	Connection Succeed 🙌
info: Jun-18-2025 03:48:44: 	Server started at 9876 ✅
info: Jun-18-2025 03:48:45: 	Connection Succeed 🙌
info: Jun-18-2025 03:48:49: 	Server started at 9876 ✅
info: Jun-18-2025 03:48:50: 	Connection Succeed 🙌
info: Jun-18-2025 03:48:54: 	Server started at 9876 ✅
info: Jun-18-2025 03:48:55: 	Connection Succeed 🙌
info: Jun-18-2025 03:48:56: 	Server started at 9876 ✅
info: Jun-18-2025 03:48:57: 	Server started at 9876 ✅
info: Jun-18-2025 03:48:58: 	Connection Succeed 🙌
info: Jun-18-2025 03:49:00: 	Server started at 9876 ✅
info: Jun-18-2025 03:49:02: 	Server started at 9876 ✅
info: Jun-18-2025 03:49:03: 	Connection Succeed 🙌
info: Jun-18-2025 03:49:08: 	[0mPOST /client/api/v1/product/create [33m422[0m 135.516 ms - 50[0m

info: Jun-18-2025 03:49:32: 	Server started at 9876 ✅
info: Jun-18-2025 03:49:32: 	Connection Succeed 🙌
info: Jun-18-2025 03:49:36: 	Server started at 9876 ✅
info: Jun-18-2025 03:49:37: 	Server started at 9876 ✅
info: Jun-18-2025 03:49:38: 	Connection Succeed 🙌
info: Jun-18-2025 03:49:41: 	Server started at 9876 ✅
info: Jun-18-2025 03:49:42: 	Connection Succeed 🙌
info: Jun-18-2025 03:49:43: 	[0mPOST /client/api/v1/product/create [33m422[0m 215.969 ms - 53[0m

info: Jun-18-2025 03:49:53: 	Server started at 9876 ✅
info: Jun-18-2025 03:49:54: 	Connection Succeed 🙌
info: Jun-18-2025 03:49:56: 	[0mPOST /client/api/v1/product/create [33m422[0m 135.693 ms - 50[0m

info: Jun-18-2025 03:50:24: 	Server started at 9876 ✅
info: Jun-18-2025 03:50:25: 	Connection Succeed 🙌
info: Jun-18-2025 03:50:50: 	Server started at 9876 ✅
info: Jun-18-2025 03:50:51: 	Connection Succeed 🙌
info: Jun-18-2025 03:50:55: 	[0mPOST /client/api/v1/product/create [33m422[0m 159.269 ms - 52[0m

info: Jun-18-2025 03:51:19: 	Server started at 9876 ✅
info: Jun-18-2025 03:51:20: 	Connection Succeed 🙌
info: Jun-18-2025 08:16:00: 	Server started at 9876 ✅
error: Jun-18-2025 08:16:01: 	Error in Connect Mongo
info: Jun-18-2025 08:18:26: 	Server started at 9876 ✅
info: Jun-18-2025 08:18:45: 	Server started at 9876 ✅
info: Jun-18-2025 08:19:01: 	Server started at 9876 ✅
error: Jun-18-2025 08:19:32: 	Error in Connect Mongo
info: Jun-18-2025 08:22:13: 	Server started at 9876 ✅
info: Jun-18-2025 08:22:26: 	[0mPOST /client/api/v1/product/create [33m401[0m 10032.736 ms - 64[0m

error: Jun-18-2025 08:22:43: 	Error in Connect Mongo
info: Jun-18-2025 08:23:36: 	Server started at 9876 ✅
error: Jun-18-2025 08:24:00: 	Error - login Service Operation `users.findOne()` buffering timed out after 10000ms
error: Jun-18-2025 08:24:00: 	MongooseError: Operation `users.findOne()` buffering timed out after 10000ms
info: Jun-18-2025 08:24:00: 	[0mPOST /client/api/v1/auth/login [31m500[0m 10021.940 ms - 115[0m

error: Jun-18-2025 08:24:06: 	Error in Connect Mongo
info: Jun-18-2025 08:24:15: 	Server started at 9876 ✅
error: Jun-18-2025 08:24:45: 	Error in Connect Mongo
info: Jun-18-2025 08:27:44: 	Server started at 9876 ✅
info: Jun-18-2025 08:27:49: 	Server started at 9876 ✅
info: Jun-18-2025 08:27:53: 	Server started at 9876 ✅
info: Jun-18-2025 08:28:12: 	Server started at 9876 ✅
info: Jun-18-2025 08:28:15: 	Server started at 9876 ✅
info: Jun-18-2025 08:28:19: 	Server started at 9876 ✅
info: Jun-18-2025 08:28:24: 	Server started at 9876 ✅
error: Jun-18-2025 08:28:54: 	Error in Connect Mongo
info: Jun-18-2025 09:29:33: 	Server started at 9876 ✅
error: Jun-18-2025 09:30:03: 	Error in Connect Mongo
info: Jun-18-2025 09:35:57: 	Server started at 9876 ✅
info: Jun-18-2025 09:35:57: 	Connection Succeed 🙌
info: Jun-18-2025 09:36:06: 	[0mPOST /client/api/v1/auth/login [32m200[0m 145.344 ms - 392[0m

info: Jun-18-2025 09:38:36: 	[0mPOST /client/api/v1/product/create [32m200[0m 80.868 ms - 324[0m

info: Jun-18-2025 09:38:56: 	[0mPOST /client/api/v1/product/all [32m200[0m 56.283 ms - 648[0m

info: Jun-18-2025 09:39:14: 	[0mPOST /client/api/v1/product/all [32m200[0m 54.537 ms - 414[0m

info: Jun-18-2025 09:39:20: 	[0mPOST /client/api/v1/product/all [32m200[0m 49.954 ms - 648[0m

error: Jun-18-2025 09:41:52: 	Error - updateProduct Service Cannot destructure property 'name' of 'body' as it is undefined.
error: Jun-18-2025 09:41:52: 	TypeError: Cannot destructure property 'name' of 'body' as it is undefined.
info: Jun-18-2025 09:41:52: 	[0mPUT /client/api/v1/product/update/68523bc49e58b2d57cc15cfc [31m500[0m 25.513 ms - 114[0m

info: Jun-18-2025 09:42:46: 	[0mPUT /client/api/v1/product/update/68523bc49e58b2d57cc15cfc [32m200[0m 60.820 ms - 324[0m

info: Jun-18-2025 09:43:13: 	[0mPUT /client/api/v1/product/update/68523bc49e58b2d57cc15cfc [32m200[0m 41.163 ms - 324[0m

info: Jun-18-2025 09:44:22: 	[0mGET /client/api/v1/product/68523bc49e58b2d57cc15cfc [32m200[0m 39.009 ms - 325[0m

error: Jun-18-2025 09:44:29: 	Error - getProductById Service Cast to ObjectId failed for value "68523bc49e58b2d57cc15cfcs" (type string) at path "_id" for model "Product"
error: Jun-18-2025 09:44:29: 	CastError: Cast to ObjectId failed for value "68523bc49e58b2d57cc15cfcs" (type string) at path "_id" for model "Product"
info: Jun-18-2025 09:44:29: 	[0mGET /client/api/v1/product/68523bc49e58b2d57cc15cfcs [31m500[0m 33.432 ms - 165[0m

info: Jun-18-2025 09:45:00: 	Server started at 9876 ✅
info: Jun-18-2025 09:45:00: 	Connection Succeed 🙌
info: Jun-18-2025 09:45:09: 	Server started at 9876 ✅
info: Jun-18-2025 09:45:09: 	Connection Succeed 🙌
info: Jun-18-2025 09:45:46: 	[0mGET /client/api/v1/product/68523bc49e58b2d57cc15cfc [32m200[0m 70.759 ms - 325[0m

info: Jun-18-2025 09:45:54: 	[0mGET /client/api/v1/product/68523bc49e58b2d57cc12cfc [33m422[0m 39.453 ms - 47[0m

error: Jun-18-2025 09:46:00: 	Error - getProductById Service Cast to ObjectId failed for value "68523bc49e58b2d57cc1cfc" (type string) at path "_id" for model "Product"
error: Jun-18-2025 09:46:00: 	CastError: Cast to ObjectId failed for value "68523bc49e58b2d57cc1cfc" (type string) at path "_id" for model "Product"
info: Jun-18-2025 09:46:00: 	[0mGET /client/api/v1/product/68523bc49e58b2d57cc1cfc [31m500[0m 26.455 ms - 163[0m

info: Jun-18-2025 09:46:04: 	[0mGET /client/api/v1/product/68523bc49e58b2d57cc12cfc [33m422[0m 37.787 ms - 47[0m

info: Jun-18-2025 09:46:18: 	Server started at 9876 ✅
info: Jun-18-2025 09:46:18: 	Connection Succeed 🙌
info: Jun-18-2025 09:46:58: 	[0mGET /client/api/v1/product/delete/68523bc49e58b2d57cc1cfc [33m404[0m 4.013 ms - 191[0m

info: Jun-18-2025 09:47:06: 	[0mDELETE /client/api/v1/product/delete/68523bc49e58b2d57cc1cfc [33m401[0m 4.611 ms - 64[0m

error: Jun-18-2025 09:47:34: 	Error - deleteProduct Service Cast to ObjectId failed for value "68523bc49e58b2d57cc1cfc" (type string) at path "_id" for model "Product"
error: Jun-18-2025 09:47:34: 	CastError: Cast to ObjectId failed for value "68523bc49e58b2d57cc1cfc" (type string) at path "_id" for model "Product"
info: Jun-18-2025 09:47:34: 	[0mDELETE /client/api/v1/product/delete/68523bc49e58b2d57cc1cfc [31m500[0m 48.584 ms - 163[0m

info: Jun-18-2025 09:47:46: 	[0mDELETE /client/api/v1/product/delete/68523bc49e58b2d57cc15cfc [32m200[0m 44.996 ms - 324[0m

info: Jun-18-2025 09:48:12: 	Server started at 9876 ✅
info: Jun-18-2025 09:48:12: 	Connection Succeed 🙌
info: Jun-18-2025 10:53:35: 	[0mPOST /client/api/v1/auth/login [33m422[0m 65.889 ms - 47[0m

info: Jun-18-2025 10:54:18: 	[0mPOST /client/api/v1/auth/login [33m422[0m 22.709 ms - 47[0m

info: Jun-18-2025 10:56:26: 	[0mPOST /client/api/v1/auth/login [33m422[0m 18.426 ms - 47[0m

info: Jun-18-2025 10:57:39: 	[0mPOST /client/api/v1/auth/login [33m422[0m 27.315 ms - 47[0m

info: Jun-18-2025 10:57:55: 	[0mPOST /client/api/v1/auth/login [32m200[0m 211.186 ms - 392[0m

info: Jun-18-2025 11:01:36: 	[0mGET /client/api/v1/product/all?page=1&limit=10 [33m401[0m 2.900 ms - 64[0m

info: Jun-18-2025 11:01:36: 	[0mGET /client/api/v1/category/all [33m404[0m 22.582 ms - 165[0m

info: Jun-18-2025 11:02:02: 	[0mGET /client/api/v1/product/all?page=1&limit=10&search=d [33m401[0m 0.803 ms - 64[0m

info: Jun-18-2025 11:02:02: 	[0mGET /client/api/v1/category/all [33m404[0m 5.221 ms - 165[0m

info: Jun-18-2025 11:02:02: 	[0mGET /client/api/v1/category/all [33m404[0m 2.311 ms - 165[0m

info: Jun-18-2025 11:02:02: 	[0mGET /client/api/v1/product/all?page=1&limit=10&search=ds [33m401[0m 0.936 ms - 64[0m

info: Jun-18-2025 11:02:02: 	[0mGET /client/api/v1/category/all [33m404[0m 2.068 ms - 165[0m

info: Jun-18-2025 11:02:02: 	[0mGET /client/api/v1/product/all?page=1&limit=10&search=dsa [33m401[0m 1.680 ms - 64[0m

info: Jun-18-2025 11:02:11: 	[0mGET /client/api/v1/product/all?page=1&limit=10 [33m401[0m 4.035 ms - 64[0m

info: Jun-18-2025 11:02:11: 	[0mGET /client/api/v1/category/all [33m404[0m 6.878 ms - 165[0m

info: Jun-18-2025 11:02:26: 	[0mGET /client/api/v1/category/all [33m404[0m 1.054 ms - 165[0m

info: Jun-18-2025 11:02:26: 	[0mGET /client/api/v1/product/all?page=1&limit=10 [33m401[0m 1.696 ms - 64[0m

info: Jun-18-2025 11:03:41: 	[0mGET /client/api/v1/category/all [33m404[0m 1.247 ms - 165[0m

info: Jun-18-2025 11:03:41: 	[0mGET /client/api/v1/product/all?page=1&limit=10 [33m401[0m 3.153 ms - 64[0m

info: Jun-18-2025 11:04:32: 	[0mPOST /client/api/v1/auth/login [32m200[0m 169.581 ms - 392[0m

info: Jun-18-2025 11:13:13: 	[0mPOST /client/api/v1/auth/login [32m200[0m 165.602 ms - 392[0m

info: Jun-18-2025 11:13:33: 	[0mGET /client/api/v1/product/all?page=1&limit=10 [33m401[0m 1.274 ms - 64[0m

info: Jun-18-2025 11:13:33: 	[0mGET /client/api/v1/category/all [33m404[0m 6.920 ms - 165[0m

info: Jun-18-2025 11:15:29: 	[0mGET /client/api/v1/product/all?page=1&limit=10 [33m401[0m 0.862 ms - 64[0m

info: Jun-18-2025 11:15:29: 	[0mGET /client/api/v1/category/all [33m404[0m 5.016 ms - 165[0m

info: Jun-18-2025 11:15:31: 	[0mGET /client/api/v1/category/all [33m404[0m 0.816 ms - 165[0m

info: Jun-18-2025 11:15:31: 	[0mGET /client/api/v1/product/all?page=1&limit=10 [33m401[0m 0.853 ms - 64[0m

info: Jun-18-2025 11:16:30: 	[0mPOST /client/api/v1/auth/login [32m200[0m 113.364 ms - 392[0m

info: Jun-18-2025 11:16:30: 	[0mGET /client/api/v1/category/all [33m404[0m 2.274 ms - 165[0m

info: Jun-18-2025 11:16:30: 	[0mGET /client/api/v1/product/all?page=1&limit=10 [33m401[0m 1.213 ms - 64[0m

info: Jun-18-2025 11:17:32: 	[0mGET /client/api/v1/product/all?page=1&limit=10 [33m401[0m 0.633 ms - 64[0m

info: Jun-18-2025 11:17:32: 	[0mGET /client/api/v1/category/all [33m404[0m 4.086 ms - 165[0m

info: Jun-18-2025 11:17:37: 	[0mGET /client/api/v1/category/all [33m404[0m 4.966 ms - 165[0m

info: Jun-18-2025 11:17:37: 	[0mGET /client/api/v1/product/all?page=1&limit=10 [33m401[0m 2.820 ms - 64[0m

info: Jun-18-2025 11:17:42: 	[0mGET /client/api/v1/category/all [33m404[0m 1.235 ms - 165[0m

info: Jun-18-2025 11:17:42: 	[0mGET /client/api/v1/product/all?page=1&limit=10 [33m401[0m 0.794 ms - 64[0m

info: Jun-18-2025 11:17:44: 	[0mGET /client/api/v1/category/all [33m404[0m 1.059 ms - 165[0m

info: Jun-18-2025 11:17:52: 	[0mGET /client/api/v1/category/all [33m404[0m 1.067 ms - 165[0m

info: Jun-18-2025 11:17:54: 	[0mGET /client/api/v1/category/all [33m404[0m 1.598 ms - 165[0m

info: Jun-18-2025 11:18:02: 	[0mGET /client/api/v1/category/all [33m404[0m 1.316 ms - 165[0m

info: Jun-18-2025 11:18:02: 	[0mPOST /client/api/v1/product/all [33m401[0m 1.096 ms - 64[0m

info: Jun-18-2025 11:18:05: 	[0mGET /client/api/v1/category/all [33m404[0m 0.842 ms - 165[0m

info: Jun-18-2025 11:18:05: 	[0mPOST /client/api/v1/product/all [33m401[0m 1.157 ms - 64[0m

info: Jun-18-2025 11:19:12: 	[0mGET /client/api/v1/category/all [33m404[0m 0.747 ms - 165[0m

info: Jun-18-2025 11:19:12: 	[0mPOST /client/api/v1/product/all [33m401[0m 0.567 ms - 64[0m

info: Jun-18-2025 11:19:19: 	[0mGET /client/api/v1/category/all [33m404[0m 8.487 ms - 165[0m

info: Jun-18-2025 11:19:19: 	[0mPOST /client/api/v1/product/all [32m200[0m 64.492 ms - 401[0m

info: Jun-18-2025 11:19:23: 	[0mGET /client/api/v1/category/all [33m404[0m 0.804 ms - 165[0m

info: Jun-18-2025 11:19:23: 	[0mPOST /client/api/v1/product/all [32m200[0m 74.022 ms - 401[0m

info: Jun-18-2025 11:19:49: 	[0mGET /client/api/v1/category/all [33m404[0m 0.579 ms - 165[0m

info: Jun-18-2025 11:19:49: 	[0mPOST /client/api/v1/product/all [32m200[0m 53.824 ms - 401[0m

info: Jun-18-2025 11:19:59: 	[0mGET /client/api/v1/category/all [33m404[0m 3.632 ms - 165[0m

info: Jun-18-2025 11:19:59: 	[0mPOST /client/api/v1/product/all [32m200[0m 47.470 ms - 401[0m

info: Jun-18-2025 11:20:16: 	[0mGET /client/api/v1/category/all [33m404[0m 4.189 ms - 165[0m

info: Jun-18-2025 11:20:16: 	[0mPOST /client/api/v1/product/all [32m200[0m 47.704 ms - 401[0m

info: Jun-18-2025 11:20:26: 	[0mGET /client/api/v1/category/all [33m404[0m 0.421 ms - 165[0m

info: Jun-18-2025 11:20:26: 	[0mPOST /client/api/v1/product/all [32m200[0m 48.432 ms - 401[0m

info: Jun-18-2025 11:20:43: 	[0mGET /client/api/v1/category/all [33m404[0m 7.868 ms - 165[0m

info: Jun-18-2025 11:20:43: 	[0mPOST /client/api/v1/product/all [32m200[0m 60.732 ms - 401[0m

info: Jun-18-2025 11:20:50: 	[0mGET /client/api/v1/category/all [33m404[0m 0.321 ms - 165[0m

info: Jun-18-2025 11:20:50: 	[0mPOST /client/api/v1/product/all [32m200[0m 49.237 ms - 401[0m

info: Jun-18-2025 11:20:55: 	[0mGET /client/api/v1/category/all [33m404[0m 0.813 ms - 165[0m

info: Jun-18-2025 11:20:55: 	[0mPOST /client/api/v1/product/all [32m200[0m 51.913 ms - 401[0m

info: Jun-18-2025 11:20:58: 	[0mGET /client/api/v1/category/all [33m404[0m 2.239 ms - 165[0m

info: Jun-18-2025 11:20:58: 	[0mPOST /client/api/v1/product/all [32m200[0m 49.805 ms - 401[0m

info: Jun-18-2025 11:21:08: 	[0mGET /client/api/v1/category/all [33m404[0m 1.144 ms - 165[0m

info: Jun-18-2025 11:21:08: 	[0mPOST /client/api/v1/product/all [32m200[0m 49.103 ms - 401[0m

info: Jun-18-2025 11:21:11: 	[0mGET /client/api/v1/category/all [33m404[0m 0.400 ms - 165[0m

info: Jun-18-2025 11:21:11: 	[0mPOST /client/api/v1/product/all [32m200[0m 61.784 ms - 401[0m

info: Jun-18-2025 11:21:18: 	[0mGET /client/api/v1/category/all [33m404[0m 3.095 ms - 165[0m

info: Jun-18-2025 11:21:18: 	[0mPOST /client/api/v1/product/all [32m200[0m 54.271 ms - 401[0m

info: Jun-18-2025 11:21:45: 	[0mGET /client/api/v1/category/all [33m404[0m 1.400 ms - 165[0m

info: Jun-18-2025 11:21:45: 	[0mPOST /client/api/v1/product/all [33m422[0m 57.937 ms - 47[0m

info: Jun-18-2025 11:21:45: 	[0mGET /client/api/v1/category/all [33m404[0m 2.182 ms - 165[0m

info: Jun-18-2025 11:21:45: 	[0mGET /client/api/v1/category/all [33m404[0m 0.389 ms - 165[0m

info: Jun-18-2025 11:21:45: 	[0mPOST /client/api/v1/product/all [33m422[0m 76.656 ms - 47[0m

info: Jun-18-2025 11:21:45: 	[0mPOST /client/api/v1/product/all [33m422[0m 89.192 ms - 47[0m

info: Jun-18-2025 11:21:49: 	[0mGET /client/api/v1/category/all [33m404[0m 16.419 ms - 165[0m

info: Jun-18-2025 11:21:49: 	[0mPOST /client/api/v1/product/all [32m200[0m 69.418 ms - 401[0m

info: Jun-18-2025 11:22:14: 	[0mGET /client/api/v1/category/all [33m404[0m 0.657 ms - 165[0m

info: Jun-18-2025 11:22:14: 	[0mPOST /client/api/v1/product/all [32m200[0m 60.169 ms - 401[0m

info: Jun-18-2025 11:22:26: 	[0mGET /client/api/v1/category/all [33m404[0m 7.496 ms - 165[0m

info: Jun-18-2025 11:22:26: 	[0mPOST /client/api/v1/product/all [32m200[0m 64.458 ms - 401[0m

info: Jun-18-2025 11:23:36: 	Server started at 9876 ✅
info: Jun-18-2025 11:23:37: 	Connection Succeed 🙌
info: Jun-18-2025 11:23:42: 	Server started at 9876 ✅
info: Jun-18-2025 11:23:43: 	Connection Succeed 🙌
info: Jun-18-2025 11:23:48: 	Server started at 9876 ✅
info: Jun-18-2025 11:23:49: 	Connection Succeed 🙌
info: Jun-18-2025 11:23:55: 	Server started at 9876 ✅
info: Jun-18-2025 11:23:55: 	Connection Succeed 🙌
info: Jun-18-2025 11:24:08: 	Server started at 9876 ✅
info: Jun-18-2025 11:24:08: 	Connection Succeed 🙌
info: Jun-18-2025 11:24:13: 	Server started at 9876 ✅
info: Jun-18-2025 11:24:13: 	Connection Succeed 🙌
info: Jun-18-2025 11:24:14: 	Server started at 9876 ✅
info: Jun-18-2025 11:24:15: 	Connection Succeed 🙌
info: Jun-18-2025 11:24:29: 	Server started at 9876 ✅
info: Jun-18-2025 11:24:29: 	Connection Succeed 🙌
info: Jun-18-2025 11:24:47: 	Server started at 9876 ✅
info: Jun-18-2025 11:24:48: 	Connection Succeed 🙌
info: Jun-18-2025 11:24:58: 	Server started at 9876 ✅
info: Jun-18-2025 11:24:58: 	Connection Succeed 🙌
info: Jun-18-2025 11:25:03: 	Server started at 9876 ✅
info: Jun-18-2025 11:25:03: 	Connection Succeed 🙌
info: Jun-18-2025 11:25:06: 	Server started at 9876 ✅
info: Jun-18-2025 11:25:06: 	Connection Succeed 🙌
info: Jun-18-2025 11:25:12: 	Server started at 9876 ✅
info: Jun-18-2025 11:25:13: 	Connection Succeed 🙌
info: Jun-18-2025 11:25:18: 	Server started at 9876 ✅
info: Jun-18-2025 11:25:18: 	Connection Succeed 🙌
info: Jun-18-2025 11:25:20: 	Server started at 9876 ✅
info: Jun-18-2025 11:25:20: 	Connection Succeed 🙌
info: Jun-18-2025 11:25:23: 	Server started at 9876 ✅
info: Jun-18-2025 11:25:23: 	Connection Succeed 🙌
info: Jun-18-2025 11:25:32: 	Server started at 9876 ✅
info: Jun-18-2025 11:25:33: 	Connection Succeed 🙌
info: Jun-18-2025 11:25:36: 	Server started at 9876 ✅
info: Jun-18-2025 11:25:36: 	Connection Succeed 🙌
info: Jun-18-2025 11:25:42: 	Server started at 9876 ✅
info: Jun-18-2025 11:25:42: 	Connection Succeed 🙌
info: Jun-18-2025 11:25:50: 	Server started at 9876 ✅
info: Jun-18-2025 11:25:50: 	Connection Succeed 🙌
info: Jun-18-2025 11:25:53: 	Server started at 9876 ✅
info: Jun-18-2025 11:25:53: 	Connection Succeed 🙌
info: Jun-18-2025 11:26:20: 	Server started at 9876 ✅
info: Jun-18-2025 11:26:20: 	Connection Succeed 🙌
info: Jun-18-2025 11:26:41: 	Server started at 9876 ✅
info: Jun-18-2025 11:26:42: 	Connection Succeed 🙌
info: Jun-18-2025 11:27:07: 	Server started at 9876 ✅
info: Jun-18-2025 11:27:07: 	Connection Succeed 🙌
info: Jun-18-2025 11:27:10: 	Server started at 9876 ✅
info: Jun-18-2025 11:27:10: 	Connection Succeed 🙌
info: Jun-18-2025 11:27:16: 	Server started at 9876 ✅
info: Jun-18-2025 11:27:17: 	Connection Succeed 🙌
info: Jun-18-2025 11:27:18: 	Server started at 9876 ✅
info: Jun-18-2025 11:27:20: 	Server started at 9876 ✅
info: Jun-18-2025 11:27:20: 	Connection Succeed 🙌
info: Jun-18-2025 11:27:24: 	Server started at 9876 ✅
info: Jun-18-2025 11:27:24: 	Connection Succeed 🙌
info: Jun-18-2025 11:27:26: 	Server started at 9876 ✅
info: Jun-18-2025 11:27:27: 	Connection Succeed 🙌
info: Jun-18-2025 11:27:37: 	Server started at 9876 ✅
info: Jun-18-2025 11:27:37: 	Connection Succeed 🙌
info: Jun-18-2025 11:27:40: 	Server started at 9876 ✅
info: Jun-18-2025 11:27:40: 	Connection Succeed 🙌
info: Jun-18-2025 11:27:46: 	Server started at 9876 ✅
info: Jun-18-2025 11:27:46: 	Connection Succeed 🙌
info: Jun-18-2025 11:27:49: 	Server started at 9876 ✅
info: Jun-18-2025 11:27:50: 	Connection Succeed 🙌
info: Jun-18-2025 11:28:27: 	Server started at 9876 ✅
info: Jun-18-2025 11:28:27: 	Connection Succeed 🙌
info: Jun-18-2025 11:28:29: 	Server started at 9876 ✅
info: Jun-18-2025 11:28:30: 	Connection Succeed 🙌
info: Jun-18-2025 11:28:44: 	Server started at 9876 ✅
info: Jun-18-2025 11:28:45: 	Connection Succeed 🙌
info: Jun-18-2025 11:29:31: 	Server started at 9876 ✅
info: Jun-18-2025 11:29:31: 	Connection Succeed 🙌
info: Jun-18-2025 11:29:48: 	Server started at 9876 ✅
info: Jun-18-2025 11:29:50: 	Server started at 9876 ✅
info: Jun-18-2025 11:29:50: 	Connection Succeed 🙌
info: Jun-18-2025 11:29:53: 	Server started at 9876 ✅
info: Jun-18-2025 11:29:54: 	Connection Succeed 🙌
info: Jun-18-2025 11:29:55: 	Server started at 9876 ✅
info: Jun-18-2025 11:29:56: 	Connection Succeed 🙌
info: Jun-18-2025 11:29:57: 	Server started at 9876 ✅
info: Jun-18-2025 11:29:58: 	Connection Succeed 🙌
info: Jun-18-2025 11:30:00: 	Server started at 9876 ✅
info: Jun-18-2025 11:30:01: 	Connection Succeed 🙌
info: Jun-18-2025 11:30:08: 	Server started at 9876 ✅
info: Jun-18-2025 11:30:08: 	Connection Succeed 🙌
info: Jun-18-2025 11:30:11: 	Server started at 9876 ✅
info: Jun-18-2025 11:30:11: 	Connection Succeed 🙌
info: Jun-18-2025 11:30:14: 	Server started at 9876 ✅
info: Jun-18-2025 11:30:14: 	Connection Succeed 🙌
info: Jun-18-2025 11:30:17: 	Server started at 9876 ✅
info: Jun-18-2025 11:30:17: 	Connection Succeed 🙌
info: Jun-18-2025 11:30:22: 	Server started at 9876 ✅
info: Jun-18-2025 11:30:23: 	Connection Succeed 🙌
info: Jun-18-2025 11:30:27: 	Server started at 9876 ✅
info: Jun-18-2025 11:30:27: 	Connection Succeed 🙌
info: Jun-18-2025 11:30:36: 	Server started at 9876 ✅
info: Jun-18-2025 11:30:36: 	Connection Succeed 🙌
info: Jun-18-2025 11:30:41: 	Server started at 9876 ✅
info: Jun-18-2025 11:30:42: 	Connection Succeed 🙌
info: Jun-18-2025 11:30:47: 	Server started at 9876 ✅
info: Jun-18-2025 11:30:47: 	Connection Succeed 🙌
info: Jun-18-2025 11:30:53: 	Server started at 9876 ✅
info: Jun-18-2025 11:30:53: 	Connection Succeed 🙌
info: Jun-18-2025 11:30:57: 	Server started at 9876 ✅
info: Jun-18-2025 11:30:58: 	Connection Succeed 🙌
info: Jun-18-2025 11:31:00: 	Server started at 9876 ✅
info: Jun-18-2025 11:31:01: 	Connection Succeed 🙌
info: Jun-18-2025 11:31:03: 	Server started at 9876 ✅
info: Jun-18-2025 11:31:04: 	Connection Succeed 🙌
info: Jun-18-2025 11:31:31: 	Server started at 9876 ✅
info: Jun-18-2025 11:31:31: 	Connection Succeed 🙌
info: Jun-18-2025 11:32:13: 	Server started at 9876 ✅
info: Jun-18-2025 11:32:14: 	Connection Succeed 🙌
info: Jun-18-2025 11:33:21: 	[0mGET /client/api/v1/category/all [33m401[0m 9.102 ms - 64[0m

info: Jun-18-2025 11:33:29: 	[0mGET /client/api/v1/category/all [32m200[0m 72.886 ms - 1206[0m

info: Jun-18-2025 11:33:44: 	Server started at 9876 ✅
info: Jun-18-2025 11:33:44: 	Connection Succeed 🙌
info: Jun-18-2025 11:33:47: 	[0mGET /client/api/v1/category/all [32m200[0m 101.057 ms - 1206[0m

info: Jun-18-2025 11:33:47: 	[0mPOST /client/api/v1/product/all [32m200[0m 69.937 ms - 401[0m

info: Jun-18-2025 11:33:49: 	[0mGET /client/api/v1/category/all [36m304[0m 54.706 ms - -[0m

info: Jun-18-2025 11:33:49: 	[0mPOST /client/api/v1/product/all [32m200[0m 65.401 ms - 401[0m

info: Jun-18-2025 11:34:23: 	[0mGET /client/api/v1/category/all [36m304[0m 39.339 ms - -[0m

info: Jun-18-2025 11:34:23: 	[0mPOST /client/api/v1/product/all [32m200[0m 53.145 ms - 401[0m

info: Jun-18-2025 11:34:25: 	[0mGET /client/api/v1/category/all [36m304[0m 34.529 ms - -[0m

info: Jun-18-2025 11:34:25: 	[0mPOST /client/api/v1/product/all [32m200[0m 71.255 ms - 401[0m

info: Jun-18-2025 11:34:27: 	[0mGET /client/api/v1/category/all [36m304[0m 40.478 ms - -[0m

info: Jun-18-2025 11:34:27: 	[0mPOST /client/api/v1/product/all [32m200[0m 53.494 ms - 401[0m

info: Jun-18-2025 11:35:07: 	[0mGET /client/api/v1/category/all [36m304[0m 39.415 ms - -[0m

info: Jun-18-2025 11:35:07: 	[0mPOST /client/api/v1/product/all [32m200[0m 57.671 ms - 401[0m

info: Jun-18-2025 11:35:21: 	[0mGET /client/api/v1/category/all [36m304[0m 33.885 ms - -[0m

info: Jun-18-2025 11:35:21: 	[0mPOST /client/api/v1/product/all [32m200[0m 47.342 ms - 401[0m

info: Jun-18-2025 11:35:33: 	[0mGET /client/api/v1/category/all [36m304[0m 63.619 ms - -[0m

info: Jun-18-2025 11:35:34: 	[0mPOST /client/api/v1/product/all [32m200[0m 70.123 ms - 401[0m

info: Jun-18-2025 11:35:40: 	[0mGET /client/api/v1/category/all [36m304[0m 34.434 ms - -[0m

info: Jun-18-2025 11:35:40: 	[0mPOST /client/api/v1/product/all [32m200[0m 51.972 ms - 401[0m

info: Jun-18-2025 11:35:58: 	[0mGET /client/api/v1/category/all [36m304[0m 36.599 ms - -[0m

info: Jun-18-2025 11:35:58: 	[0mPOST /client/api/v1/product/all [32m200[0m 52.130 ms - 401[0m

info: Jun-18-2025 11:36:02: 	[0mGET /client/api/v1/category/all [36m304[0m 40.965 ms - -[0m

info: Jun-18-2025 11:36:02: 	[0mPOST /client/api/v1/product/all [32m200[0m 54.760 ms - 401[0m

info: Jun-18-2025 11:36:12: 	[0mGET /client/api/v1/category/all [36m304[0m 37.529 ms - -[0m

info: Jun-18-2025 11:36:12: 	[0mPOST /client/api/v1/product/all [32m200[0m 51.146 ms - 401[0m

info: Jun-18-2025 11:36:23: 	[0mGET /client/api/v1/category/all [36m304[0m 41.587 ms - -[0m

info: Jun-18-2025 11:36:23: 	[0mPOST /client/api/v1/product/all [32m200[0m 54.551 ms - 401[0m

info: Jun-18-2025 11:36:24: 	[0mGET /client/api/v1/category/all [36m304[0m 36.838 ms - -[0m

info: Jun-18-2025 11:36:24: 	[0mPOST /client/api/v1/product/all [32m200[0m 48.935 ms - 401[0m

info: Jun-18-2025 11:36:31: 	[0mGET /client/api/v1/category/all [36m304[0m 40.378 ms - -[0m

info: Jun-18-2025 11:36:31: 	[0mPOST /client/api/v1/product/all [32m200[0m 56.659 ms - 401[0m

info: Jun-18-2025 11:59:02: 	[0mPOST /client/api/v1/auth/login [32m200[0m 212.218 ms - 392[0m

info: Jun-18-2025 11:59:02: 	[0mGET /client/api/v1/category/all [32m200[0m 40.289 ms - 1206[0m

info: Jun-18-2025 11:59:02: 	[0mPOST /client/api/v1/product/all [32m200[0m 63.305 ms - 401[0m

info: Jun-18-2025 11:59:23: 	[0mGET /client/api/v1/category/all [36m304[0m 37.097 ms - -[0m

info: Jun-18-2025 11:59:23: 	[0mPOST /client/api/v1/product/all [32m200[0m 50.634 ms - 401[0m

info: Jun-18-2025 11:59:47: 	[0mPOST /client/api/v1/auth/login [33m422[0m 17.801 ms - 47[0m

info: Jun-18-2025 11:59:55: 	[0mPOST /client/api/v1/auth/login [32m200[0m 87.104 ms - 392[0m

info: Jun-18-2025 11:59:55: 	[0mGET /client/api/v1/category/all [36m304[0m 33.498 ms - -[0m

info: Jun-18-2025 11:59:55: 	[0mPOST /client/api/v1/product/all [32m200[0m 43.594 ms - 401[0m

info: Jun-18-2025 12:02:30: 	[0mGET /client/api/v1/category/all [36m304[0m 74.662 ms - -[0m

info: Jun-18-2025 12:02:30: 	[0mPOST /client/api/v1/product/all [32m200[0m 95.195 ms - 401[0m

info: Jun-18-2025 12:03:02: 	[0mGET /client/api/v1/category/all [36m304[0m 32.616 ms - -[0m

info: Jun-18-2025 12:03:02: 	[0mPOST /client/api/v1/product/all [32m200[0m 53.791 ms - 401[0m

info: Jun-18-2025 12:03:03: 	[0mGET /client/api/v1/category/all [36m304[0m 36.485 ms - -[0m

info: Jun-18-2025 12:03:03: 	[0mPOST /client/api/v1/product/all [32m200[0m 50.215 ms - 401[0m

info: Jun-18-2025 12:05:03: 	[0mGET /client/api/v1/category/all [36m304[0m 32.226 ms - -[0m

info: Jun-18-2025 12:05:04: 	[0mPOST /client/api/v1/product/all [32m200[0m 45.809 ms - 401[0m

info: Jun-18-2025 12:05:04: 	[0mGET /client/api/v1/category/all [36m304[0m 33.925 ms - -[0m

info: Jun-18-2025 12:05:04: 	[0mPOST /client/api/v1/product/all [32m200[0m 47.182 ms - 401[0m

info: Jun-18-2025 12:10:27: 	[0mPOST /client/api/v1/product/all [32m200[0m 56.842 ms - 401[0m

info: Jun-18-2025 12:10:27: 	[0mPOST /client/api/v1/product/all [32m200[0m 48.367 ms - 401[0m

info: Jun-18-2025 12:10:31: 	[0mPOST /client/api/v1/product/all [32m200[0m 52.229 ms - 401[0m

info: Jun-18-2025 12:10:31: 	[0mPOST /client/api/v1/product/all [32m200[0m 49.545 ms - 401[0m

info: Jun-18-2025 12:10:36: 	[0mPOST /client/api/v1/product/all [32m200[0m 49.484 ms - 401[0m

info: Jun-18-2025 12:10:36: 	[0mPOST /client/api/v1/product/all [32m200[0m 47.667 ms - 401[0m

info: Jun-18-2025 12:10:40: 	[0mPOST /client/api/v1/product/all [32m200[0m 47.583 ms - 401[0m

info: Jun-18-2025 12:10:45: 	[0mPOST /client/api/v1/product/all [32m200[0m 49.289 ms - 401[0m

info: Jun-18-2025 12:11:13: 	[0mPOST /client/api/v1/product/all [32m200[0m 96.501 ms - 401[0m

info: Jun-18-2025 12:11:13: 	[0mPOST /client/api/v1/product/all [32m200[0m 101.174 ms - 401[0m

info: Jun-18-2025 12:11:18: 	[0mGET /client/api/v1/category/all [36m304[0m 59.819 ms - -[0m

info: Jun-18-2025 12:11:18: 	[0mGET /client/api/v1/category/all [36m304[0m 60.778 ms - -[0m

info: Jun-18-2025 12:11:18: 	[0mPOST /client/api/v1/product/all [32m200[0m 81.451 ms - 401[0m

info: Jun-18-2025 12:11:18: 	[0mPOST /client/api/v1/product/all [32m200[0m 487.947 ms - 401[0m

info: Jun-18-2025 12:11:22: 	[0mGET /client/api/v1/category/all [36m304[0m 49.695 ms - -[0m

info: Jun-18-2025 12:11:22: 	[0mGET /client/api/v1/category/all [36m304[0m 70.975 ms - -[0m

info: Jun-18-2025 12:11:22: 	[0mPOST /client/api/v1/product/all [32m200[0m 101.599 ms - 401[0m

info: Jun-18-2025 12:11:22: 	[0mPOST /client/api/v1/product/all [32m200[0m 82.236 ms - 401[0m

info: Jun-18-2025 12:11:36: 	[0mGET /client/api/v1/category/all [36m304[0m 39.424 ms - -[0m

info: Jun-18-2025 12:11:36: 	[0mPOST /client/api/v1/product/all [32m200[0m 52.982 ms - 401[0m

info: Jun-18-2025 12:12:00: 	[0mPOST /client/api/v1/product/all [32m200[0m 50.036 ms - 401[0m

info: Jun-18-2025 12:12:01: 	[0mPOST /client/api/v1/product/all [32m200[0m 61.927 ms - 401[0m

info: Jun-18-2025 12:12:02: 	[0mPOST /client/api/v1/product/all [32m200[0m 67.585 ms - 401[0m

info: Jun-18-2025 12:12:05: 	[0mGET /client/api/v1/category/all [36m304[0m 36.782 ms - -[0m

info: Jun-18-2025 12:12:05: 	[0mGET /client/api/v1/category/all [36m304[0m 32.436 ms - -[0m

info: Jun-18-2025 12:12:05: 	[0mPOST /client/api/v1/product/all [32m200[0m 50.398 ms - 401[0m

info: Jun-18-2025 12:12:05: 	[0mPOST /client/api/v1/product/all [32m200[0m 49.609 ms - 401[0m

info: Jun-18-2025 12:12:17: 	[0mGET /client/api/v1/category/all [36m304[0m 32.584 ms - -[0m

info: Jun-18-2025 12:12:17: 	[0mPOST /client/api/v1/product/all [32m200[0m 50.526 ms - 401[0m

info: Jun-18-2025 12:12:18: 	[0mGET /client/api/v1/category/all [36m304[0m 39.222 ms - -[0m

info: Jun-18-2025 12:12:18: 	[0mPOST /client/api/v1/product/all [32m200[0m 55.357 ms - 401[0m

info: Jun-18-2025 12:12:18: 	[0mGET /client/api/v1/category/all [36m304[0m 41.549 ms - -[0m

info: Jun-18-2025 12:12:18: 	[0mPOST /client/api/v1/product/all [32m200[0m 109.259 ms - 401[0m

info: Jun-18-2025 12:12:22: 	[0mGET /client/api/v1/category/all [36m304[0m 35.043 ms - -[0m

info: Jun-18-2025 12:12:22: 	[0mPOST /client/api/v1/product/all [32m200[0m 50.994 ms - 401[0m

info: Jun-18-2025 12:12:23: 	[0mGET /client/api/v1/category/all [36m304[0m 33.334 ms - -[0m

info: Jun-18-2025 12:12:23: 	[0mPOST /client/api/v1/product/all [32m200[0m 46.592 ms - 401[0m

info: Jun-18-2025 12:12:39: 	[0mGET /client/api/v1/category/all [36m304[0m 111.846 ms - -[0m

info: Jun-18-2025 12:12:39: 	[0mPOST /client/api/v1/product/all [32m200[0m 160.980 ms - 401[0m

info: Jun-18-2025 12:12:43: 	[0mGET /client/api/v1/category/all [36m304[0m 28.902 ms - -[0m

info: Jun-18-2025 12:12:43: 	[0mGET /client/api/v1/category/all [36m304[0m 28.419 ms - -[0m

info: Jun-18-2025 12:12:43: 	[0mPOST /client/api/v1/product/all [32m200[0m 43.001 ms - 401[0m

info: Jun-18-2025 12:12:43: 	[0mPOST /client/api/v1/product/all [32m200[0m 43.167 ms - 401[0m

info: Jun-18-2025 12:13:28: 	[0mGET /client/api/v1/category/all [36m304[0m 35.025 ms - -[0m

info: Jun-18-2025 12:13:28: 	[0mPOST /client/api/v1/product/all [32m200[0m 47.758 ms - 401[0m

info: Jun-18-2025 12:13:28: 	[0mGET /client/api/v1/category/all [36m304[0m 30.060 ms - -[0m

info: Jun-18-2025 12:13:28: 	[0mPOST /client/api/v1/product/all [32m200[0m 46.589 ms - 401[0m

info: Jun-18-2025 12:13:29: 	[0mGET /client/api/v1/category/all [36m304[0m 34.260 ms - -[0m

info: Jun-18-2025 12:13:29: 	[0mPOST /client/api/v1/product/all [32m200[0m 44.008 ms - 401[0m

info: Jun-18-2025 12:13:30: 	[0mGET /client/api/v1/category/all [36m304[0m 33.431 ms - -[0m

info: Jun-18-2025 12:13:30: 	[0mPOST /client/api/v1/product/all [32m200[0m 44.623 ms - 401[0m

info: Jun-18-2025 12:13:30: 	[0mGET /client/api/v1/category/all [36m304[0m 33.995 ms - -[0m

info: Jun-18-2025 12:13:30: 	[0mPOST /client/api/v1/product/all [0m-[0m - ms - -[0m

info: Jun-18-2025 12:13:30: 	[0mGET /client/api/v1/category/all [36m304[0m 32.236 ms - -[0m

info: Jun-18-2025 12:13:30: 	[0mPOST /client/api/v1/product/all [0m-[0m - ms - -[0m

info: Jun-18-2025 12:13:30: 	[0mGET /client/api/v1/category/all [36m304[0m 30.782 ms - -[0m

info: Jun-18-2025 12:13:31: 	[0mPOST /client/api/v1/product/all [32m200[0m 45.488 ms - 401[0m

info: Jun-18-2025 12:14:11: 	[0mGET /client/api/v1/category/all [36m304[0m 101.475 ms - -[0m

info: Jun-18-2025 12:14:11: 	[0mGET /client/api/v1/category/all [36m304[0m 70.301 ms - -[0m

info: Jun-18-2025 12:14:11: 	[0mPOST /client/api/v1/product/all [32m200[0m 157.203 ms - 401[0m

info: Jun-18-2025 12:14:11: 	[0mPOST /client/api/v1/product/all [32m200[0m 112.333 ms - 401[0m

info: Jun-18-2025 12:14:12: 	[0mGET /client/api/v1/category/all [36m304[0m 87.143 ms - -[0m

info: Jun-18-2025 12:14:12: 	[0mPOST /client/api/v1/product/all [32m200[0m 107.268 ms - 401[0m

info: Jun-18-2025 12:14:51: 	[0mGET /client/api/v1/category/all [36m304[0m 59.687 ms - -[0m

info: Jun-18-2025 12:14:51: 	[0mPOST /client/api/v1/product/all [32m200[0m 82.990 ms - 401[0m

info: Jun-18-2025 12:14:51: 	[0mGET /client/api/v1/category/all [36m304[0m 65.828 ms - -[0m

info: Jun-18-2025 12:14:51: 	[0mPOST /client/api/v1/product/all [32m200[0m 89.329 ms - 401[0m

info: Jun-18-2025 12:14:53: 	[0mGET /client/api/v1/category/all [36m304[0m 46.203 ms - -[0m

info: Jun-18-2025 12:14:53: 	[0mGET /client/api/v1/category/all [36m304[0m 52.071 ms - -[0m

info: Jun-18-2025 12:14:53: 	[0mPOST /client/api/v1/product/all [32m200[0m 69.679 ms - 401[0m

info: Jun-18-2025 12:14:53: 	[0mPOST /client/api/v1/product/all [32m200[0m 80.128 ms - 401[0m

info: Jun-18-2025 12:15:02: 	[0mGET /client/api/v1/category/all [36m304[0m 38.302 ms - -[0m

info: Jun-18-2025 12:15:02: 	[0mGET /client/api/v1/category/all [36m304[0m 31.046 ms - -[0m

info: Jun-18-2025 12:15:02: 	[0mPOST /client/api/v1/product/all [32m200[0m 48.895 ms - 401[0m

info: Jun-18-2025 12:15:02: 	[0mPOST /client/api/v1/product/all [32m200[0m 46.612 ms - 401[0m

info: Jun-18-2025 12:15:02: 	[0mGET /client/api/v1/category/all [36m304[0m 36.513 ms - -[0m

info: Jun-18-2025 12:15:03: 	[0mPOST /client/api/v1/product/all [32m200[0m 48.048 ms - 401[0m

info: Jun-18-2025 12:15:03: 	[0mGET /client/api/v1/category/all [36m304[0m 36.515 ms - -[0m

info: Jun-18-2025 12:15:03: 	[0mPOST /client/api/v1/product/all [32m200[0m 49.670 ms - 401[0m

info: Jun-18-2025 12:15:36: 	[0mGET /client/api/v1/category/all [36m304[0m 50.849 ms - -[0m

info: Jun-18-2025 12:15:36: 	[0mPOST /client/api/v1/product/all [32m200[0m 59.075 ms - 401[0m

info: Jun-18-2025 12:15:36: 	[0mGET /client/api/v1/category/all [36m304[0m 34.431 ms - -[0m

info: Jun-18-2025 12:15:36: 	[0mPOST /client/api/v1/product/all [32m200[0m 52.898 ms - 401[0m

info: Jun-18-2025 12:15:40: 	[0mGET /client/api/v1/category/all [36m304[0m 40.381 ms - -[0m

info: Jun-18-2025 12:15:40: 	[0mPOST /client/api/v1/product/all [32m200[0m 54.883 ms - 401[0m

info: Jun-18-2025 12:15:40: 	[0mGET /client/api/v1/category/all [36m304[0m 37.154 ms - -[0m

info: Jun-18-2025 12:15:40: 	[0mPOST /client/api/v1/product/all [32m200[0m 50.294 ms - 401[0m

info: Jun-18-2025 12:15:43: 	[0mGET /client/api/v1/category/all [36m304[0m 37.158 ms - -[0m

info: Jun-18-2025 12:15:43: 	[0mGET /client/api/v1/category/all [36m304[0m 35.312 ms - -[0m

info: Jun-18-2025 12:15:43: 	[0mPOST /client/api/v1/product/all [32m200[0m 60.094 ms - 401[0m

info: Jun-18-2025 12:15:43: 	[0mPOST /client/api/v1/product/all [32m200[0m 54.417 ms - 401[0m

info: Jun-18-2025 12:15:58: 	[0mGET /client/api/v1/category/all [36m304[0m 36.802 ms - -[0m

info: Jun-18-2025 12:15:58: 	[0mPOST /client/api/v1/product/all [32m200[0m 47.523 ms - 401[0m

info: Jun-18-2025 12:15:58: 	[0mGET /client/api/v1/category/all [36m304[0m 32.553 ms - -[0m

info: Jun-18-2025 12:15:58: 	[0mPOST /client/api/v1/product/all [32m200[0m 46.406 ms - 401[0m

info: Jun-18-2025 12:16:19: 	[0mPOST /client/api/v1/product/all [32m200[0m 51.157 ms - 400[0m

info: Jun-18-2025 12:16:31: 	[0mDELETE /client/api/v1/product/delete/6851e8834652af918561dd94 [32m200[0m 62.245 ms - 310[0m

info: Jun-18-2025 12:16:39: 	[0mPOST /client/api/v1/product/all [33m422[0m 49.044 ms - 47[0m

info: Jun-18-2025 12:16:46: 	[0mPOST /client/api/v1/product/create [32m200[0m 78.799 ms - 324[0m

info: Jun-18-2025 12:16:50: 	[0mGET /client/api/v1/category/all [36m304[0m 39.211 ms - -[0m

info: Jun-18-2025 12:16:50: 	[0mPOST /client/api/v1/product/all [32m200[0m 63.789 ms - 415[0m

info: Jun-18-2025 12:18:16: 	[0mPOST /client/api/v1/product/create [32m200[0m 55.674 ms - 320[0m

info: Jun-18-2025 12:18:21: 	[0mPOST /client/api/v1/product/create [33m422[0m 39.195 ms - 52[0m

info: Jun-18-2025 12:19:26: 	[0mPOST /client/api/v1/product/create [32m200[0m 106.694 ms - 324[0m

info: Jun-18-2025 12:20:01: 	[0mPOST /client/api/v1/product/create [32m200[0m 150.326 ms - 316[0m

info: Jun-18-2025 12:20:05: 	[0mGET /client/api/v1/category/all [36m304[0m 69.204 ms - -[0m

info: Jun-18-2025 12:20:05: 	[0mPOST /client/api/v1/product/all [32m200[0m 89.591 ms - 1147[0m

info: Jun-18-2025 12:20:49: 	[0mGET /client/api/v1/category/all [36m304[0m 31.569 ms - -[0m

info: Jun-18-2025 12:20:49: 	[0mPOST /client/api/v1/product/all [32m200[0m 46.018 ms - 1147[0m

info: Jun-18-2025 12:21:09: 	[0mGET /client/api/v1/category/all [36m304[0m 35.538 ms - -[0m

info: Jun-18-2025 12:21:09: 	[0mGET /client/api/v1/category/all [36m304[0m 30.823 ms - -[0m

info: Jun-18-2025 12:21:09: 	[0mPOST /client/api/v1/product/all [32m200[0m 47.758 ms - 1147[0m

info: Jun-18-2025 12:21:09: 	[0mPOST /client/api/v1/product/all [32m200[0m 47.319 ms - 1147[0m

info: Jun-18-2025 12:21:30: 	[0mGET /client/api/v1/category/all [36m304[0m 36.803 ms - -[0m

info: Jun-18-2025 12:21:30: 	[0mPOST /client/api/v1/product/all [32m200[0m 49.279 ms - 1147[0m

info: Jun-18-2025 12:21:30: 	[0mGET /client/api/v1/category/all [36m304[0m 31.388 ms - -[0m

info: Jun-18-2025 12:21:30: 	[0mPOST /client/api/v1/product/all [32m200[0m 46.434 ms - 1147[0m

info: Jun-18-2025 12:21:33: 	[0mGET /client/api/v1/category/all [36m304[0m 32.858 ms - -[0m

info: Jun-18-2025 12:21:33: 	[0mGET /client/api/v1/category/all [36m304[0m 34.917 ms - -[0m

info: Jun-18-2025 12:21:33: 	[0mPOST /client/api/v1/product/all [32m200[0m 46.246 ms - 1147[0m

info: Jun-18-2025 12:21:33: 	[0mPOST /client/api/v1/product/all [32m200[0m 49.938 ms - 1147[0m

info: Jun-18-2025 12:21:34: 	[0mGET /client/api/v1/category/all [36m304[0m 34.236 ms - -[0m

info: Jun-18-2025 12:21:34: 	[0mPOST /client/api/v1/product/all [32m200[0m 50.719 ms - 1147[0m

info: Jun-18-2025 12:21:34: 	[0mGET /client/api/v1/category/all [36m304[0m 39.053 ms - -[0m

info: Jun-18-2025 12:21:34: 	[0mPOST /client/api/v1/product/all [32m200[0m 49.984 ms - 1147[0m

info: Jun-18-2025 12:21:38: 	[0mGET /client/api/v1/category/all [36m304[0m 35.949 ms - -[0m

info: Jun-18-2025 12:21:38: 	[0mGET /client/api/v1/category/all [36m304[0m 32.621 ms - -[0m

info: Jun-18-2025 12:21:38: 	[0mPOST /client/api/v1/product/all [32m200[0m 50.283 ms - 1147[0m

info: Jun-18-2025 12:21:38: 	[0mPOST /client/api/v1/product/all [32m200[0m 48.475 ms - 1147[0m

info: Jun-18-2025 12:21:41: 	[0mGET /client/api/v1/category/all [36m304[0m 33.680 ms - -[0m

info: Jun-18-2025 12:21:41: 	[0mPOST /client/api/v1/product/all [32m200[0m 49.456 ms - 1147[0m

info: Jun-18-2025 12:22:06: 	[0mGET /client/api/v1/category/all [36m304[0m 37.586 ms - -[0m

info: Jun-18-2025 12:22:06: 	[0mGET /client/api/v1/category/all [36m304[0m 46.189 ms - -[0m

info: Jun-18-2025 12:22:06: 	[0mPOST /client/api/v1/product/all [32m200[0m 65.572 ms - 1147[0m

info: Jun-18-2025 12:22:06: 	[0mPOST /client/api/v1/product/all [32m200[0m 54.852 ms - 1147[0m

info: Jun-18-2025 12:22:19: 	[0mGET /client/api/v1/category/all [36m304[0m 33.004 ms - -[0m

info: Jun-18-2025 12:22:19: 	[0mPOST /client/api/v1/product/all [32m200[0m 48.445 ms - 1147[0m

info: Jun-18-2025 12:22:19: 	[0mGET /client/api/v1/category/all [36m304[0m 33.294 ms - -[0m

info: Jun-18-2025 12:22:19: 	[0mPOST /client/api/v1/product/all [32m200[0m 47.921 ms - 1147[0m

info: Jun-18-2025 12:22:20: 	[0mGET /client/api/v1/category/all [36m304[0m 54.209 ms - -[0m

info: Jun-18-2025 12:22:20: 	[0mGET /client/api/v1/category/all [36m304[0m 70.042 ms - -[0m

info: Jun-18-2025 12:22:20: 	[0mPOST /client/api/v1/product/all [32m200[0m 94.115 ms - 1147[0m

info: Jun-18-2025 12:22:20: 	[0mPOST /client/api/v1/product/all [32m200[0m 110.275 ms - 1147[0m

info: Jun-18-2025 12:22:52: 	[0mDELETE /client/api/v1/product/delete/68526199864e6ba12f9ab2eb [32m200[0m 45.913 ms - 316[0m

info: Jun-18-2025 12:23:05: 	[0mGET /client/api/v1/category/all [36m304[0m 31.492 ms - -[0m

info: Jun-18-2025 12:23:05: 	[0mPOST /client/api/v1/product/all [32m200[0m 50.155 ms - 907[0m

info: Jun-18-2025 12:23:22: 	[0mGET /client/api/v1/category/all [36m304[0m 38.357 ms - -[0m

info: Jun-18-2025 12:23:22: 	[0mGET /client/api/v1/category/all [36m304[0m 39.807 ms - -[0m

info: Jun-18-2025 12:23:22: 	[0mPOST /client/api/v1/product/all [32m200[0m 52.462 ms - 907[0m

info: Jun-18-2025 12:23:22: 	[0mPOST /client/api/v1/product/all [32m200[0m 53.322 ms - 907[0m

info: Jun-18-2025 12:24:55: 	[0mGET /client/api/v1/category/all [36m304[0m 37.178 ms - -[0m

info: Jun-18-2025 12:24:55: 	[0mGET /client/api/v1/category/all [36m304[0m 42.477 ms - -[0m

info: Jun-18-2025 12:24:55: 	[0mPOST /client/api/v1/product/all [32m200[0m 59.725 ms - 907[0m

info: Jun-18-2025 12:24:55: 	[0mPOST /client/api/v1/product/all [32m200[0m 60.629 ms - 907[0m

info: Jun-18-2025 12:24:58: 	[0mGET /client/api/v1/category/all [36m304[0m 33.856 ms - -[0m

info: Jun-18-2025 12:24:58: 	[0mPOST /client/api/v1/product/all [32m200[0m 52.003 ms - 907[0m

info: Jun-18-2025 12:25:03: 	[0mPOST /client/api/v1/product/all [33m422[0m 50.195 ms - 47[0m

info: Jun-18-2025 12:25:03: 	[0mPOST /client/api/v1/product/all [33m422[0m 44.566 ms - 47[0m

info: Jun-18-2025 12:25:04: 	[0mPOST /client/api/v1/product/all [33m422[0m 45.882 ms - 47[0m

info: Jun-18-2025 12:25:06: 	[0mPOST /client/api/v1/product/all [32m200[0m 63.526 ms - 907[0m

info: Jun-18-2025 12:25:08: 	[0mPOST /client/api/v1/product/all [32m200[0m 69.625 ms - 415[0m

info: Jun-18-2025 12:25:08: 	[0mPOST /client/api/v1/product/all [32m200[0m 46.201 ms - 415[0m

info: Jun-18-2025 12:25:08: 	[0mPOST /client/api/v1/product/all [32m200[0m 46.986 ms - 415[0m

info: Jun-18-2025 12:25:10: 	[0mPOST /client/api/v1/product/all [32m200[0m 44.272 ms - 907[0m

info: Jun-18-2025 12:25:11: 	[0mPOST /client/api/v1/product/all [32m200[0m 47.404 ms - 659[0m

info: Jun-18-2025 12:25:11: 	[0mPOST /client/api/v1/product/all [32m200[0m 45.980 ms - 411[0m

info: Jun-18-2025 12:25:12: 	[0mPOST /client/api/v1/product/all [32m200[0m 43.662 ms - 659[0m

info: Jun-18-2025 12:25:12: 	[0mPOST /client/api/v1/product/all [32m200[0m 57.275 ms - 907[0m

info: Jun-18-2025 12:25:13: 	[0mPOST /client/api/v1/product/all [32m200[0m 45.613 ms - 659[0m

info: Jun-18-2025 12:25:13: 	[0mPOST /client/api/v1/product/all [33m422[0m 64.960 ms - 47[0m

info: Jun-18-2025 12:25:15: 	[0mPOST /client/api/v1/product/all [32m200[0m 58.817 ms - 907[0m

info: Jun-18-2025 12:25:16: 	[0mPOST /client/api/v1/product/all [32m200[0m 46.030 ms - 907[0m

info: Jun-18-2025 12:25:16: 	[0mPOST /client/api/v1/product/all [33m422[0m 57.850 ms - 47[0m

info: Jun-18-2025 12:25:16: 	[0mPOST /client/api/v1/product/all [33m422[0m 45.350 ms - 47[0m

info: Jun-18-2025 12:25:17: 	[0mPOST /client/api/v1/product/all [33m422[0m 69.952 ms - 47[0m

info: Jun-18-2025 12:25:18: 	[0mPOST /client/api/v1/product/all [32m200[0m 45.735 ms - 907[0m

info: Jun-18-2025 12:25:20: 	[0mPOST /client/api/v1/product/all [32m200[0m 92.767 ms - 659[0m

info: Jun-18-2025 12:25:22: 	[0mPOST /client/api/v1/product/all [32m200[0m 49.103 ms - 907[0m

info: Jun-18-2025 12:25:24: 	[0mPOST /client/api/v1/product/all [33m422[0m 46.817 ms - 47[0m

info: Jun-18-2025 12:25:26: 	[0mPOST /client/api/v1/product/all [32m200[0m 155.193 ms - 907[0m

info: Jun-18-2025 12:25:28: 	[0mPOST /client/api/v1/product/all [32m200[0m 45.221 ms - 415[0m

info: Jun-18-2025 12:25:30: 	[0mPOST /client/api/v1/product/all [32m200[0m 46.945 ms - 907[0m

info: Jun-18-2025 12:25:46: 	[0mPOST /client/api/v1/product/create [32m200[0m 68.006 ms - 316[0m

info: Jun-18-2025 12:25:50: 	[0mGET /client/api/v1/category/all [36m304[0m 37.188 ms - -[0m

info: Jun-18-2025 12:25:50: 	[0mPOST /client/api/v1/product/all [32m200[0m 52.207 ms - 1147[0m

info: Jun-18-2025 12:25:55: 	[0mDELETE /client/api/v1/product/delete/685262f2864e6ba12f9ab3bc [32m200[0m 40.182 ms - 316[0m

info: Jun-18-2025 12:25:55: 	[0mPOST /client/api/v1/product/all [32m200[0m 55.371 ms - 907[0m

info: Jun-18-2025 12:29:52: 	[0mGET /client/api/v1/category/all [36m304[0m 57.257 ms - -[0m

info: Jun-18-2025 12:29:52: 	[0mPOST /client/api/v1/product/all [32m200[0m 81.195 ms - 907[0m

info: Jun-18-2025 12:30:37: 	[0mGET /client/api/v1/category/all [36m304[0m 50.088 ms - -[0m

info: Jun-18-2025 12:30:37: 	[0mPOST /client/api/v1/product/all [32m200[0m 75.196 ms - 907[0m

info: Jun-18-2025 12:30:41: 	[0mGET /client/api/v1/category/all [36m304[0m 51.931 ms - -[0m

info: Jun-18-2025 12:30:41: 	[0mPOST /client/api/v1/product/all [32m200[0m 79.445 ms - 907[0m

info: Jun-18-2025 12:31:34: 	[0mGET /client/api/v1/category/all [36m304[0m 53.739 ms - -[0m

info: Jun-18-2025 12:31:34: 	[0mPOST /client/api/v1/product/all [32m200[0m 76.533 ms - 907[0m

info: Jun-18-2025 12:31:34: 	[0mGET /client/api/v1/category/all [36m304[0m 51.810 ms - -[0m

info: Jun-18-2025 12:31:34: 	[0mPOST /client/api/v1/product/all [32m200[0m 75.175 ms - 907[0m

info: Jun-18-2025 12:31:42: 	[0mGET /client/api/v1/category/all [36m304[0m 54.417 ms - -[0m

info: Jun-18-2025 12:31:42: 	[0mGET /client/api/v1/category/all [36m304[0m 55.033 ms - -[0m

info: Jun-18-2025 12:31:42: 	[0mPOST /client/api/v1/product/all [32m200[0m 78.611 ms - 907[0m

info: Jun-18-2025 12:31:42: 	[0mPOST /client/api/v1/product/all [32m200[0m 85.699 ms - 907[0m

info: Jun-18-2025 12:31:43: 	[0mGET /client/api/v1/category/all [36m304[0m 52.984 ms - -[0m

info: Jun-18-2025 12:31:43: 	[0mPOST /client/api/v1/product/all [32m200[0m 76.679 ms - 907[0m

info: Jun-18-2025 12:31:54: 	[0mGET /client/api/v1/category/all [36m304[0m 54.417 ms - -[0m

info: Jun-18-2025 12:31:54: 	[0mPOST /client/api/v1/product/all [32m200[0m 73.080 ms - 907[0m

info: Jun-18-2025 12:31:59: 	[0mGET /client/api/v1/category/all [36m304[0m 52.299 ms - -[0m

info: Jun-18-2025 12:31:59: 	[0mPOST /client/api/v1/product/all [32m200[0m 81.775 ms - 907[0m

info: Jun-18-2025 12:32:00: 	[0mGET /client/api/v1/category/all [36m304[0m 57.854 ms - -[0m

info: Jun-18-2025 12:32:00: 	[0mPOST /client/api/v1/product/all [32m200[0m 81.231 ms - 907[0m

info: Jun-18-2025 12:32:01: 	[0mGET /client/api/v1/category/all [36m304[0m 57.803 ms - -[0m

info: Jun-18-2025 12:32:01: 	[0mPOST /client/api/v1/product/all [32m200[0m 81.785 ms - 907[0m

info: Jun-18-2025 12:32:02: 	[0mGET /client/api/v1/category/all [36m304[0m 53.857 ms - -[0m

info: Jun-18-2025 12:33:13: 	[0mGET /client/api/v1/category/all [36m304[0m 48.203 ms - -[0m

info: Jun-18-2025 12:33:13: 	[0mPOST /client/api/v1/product/all [32m200[0m 74.652 ms - 907[0m

info: Jun-18-2025 12:33:48: 	[0mGET /client/api/v1/category/all [36m304[0m 33.157 ms - -[0m

info: Jun-18-2025 12:33:48: 	[0mPOST /client/api/v1/product/all [32m200[0m 52.510 ms - 907[0m

info: Jun-18-2025 12:33:49: 	[0mGET /client/api/v1/category/all [36m304[0m 37.073 ms - -[0m

info: Jun-18-2025 12:34:03: 	[0mPOST /client/api/v1/product/create [32m200[0m 68.301 ms - 323[0m

info: Jun-18-2025 12:34:03: 	[0mGET /client/api/v1/category/all [36m304[0m 31.716 ms - -[0m

info: Jun-18-2025 12:34:03: 	[0mPOST /client/api/v1/product/all [32m200[0m 45.751 ms - 1154[0m

info: Jun-18-2025 12:34:09: 	[0mGET /client/api/v1/category/all [36m304[0m 34.607 ms - -[0m

info: Jun-18-2025 12:34:09: 	[0mGET /client/api/v1/product/685264e3864e6ba12f9ab414 [32m200[0m 35.578 ms - 324[0m

info: Jun-18-2025 12:34:18: 	[0mPUT /client/api/v1/product/update/685264e3864e6ba12f9ab414 [32m200[0m 96.457 ms - 324[0m

info: Jun-18-2025 12:34:19: 	[0mGET /client/api/v1/category/all [36m304[0m 33.289 ms - -[0m

info: Jun-18-2025 12:34:19: 	[0mPOST /client/api/v1/product/all [32m200[0m 51.854 ms - 1155[0m

info: Jun-18-2025 12:34:23: 	[0mGET /client/api/v1/category/all [36m304[0m 31.085 ms - -[0m

info: Jun-18-2025 12:34:23: 	[0mGET /client/api/v1/product/685264e3864e6ba12f9ab414 [32m200[0m 30.576 ms - 325[0m

info: Jun-18-2025 12:34:28: 	[0mGET /client/api/v1/category/all [36m304[0m 33.403 ms - -[0m

info: Jun-18-2025 12:34:28: 	[0mPOST /client/api/v1/product/all [32m200[0m 52.972 ms - 1155[0m

info: Jun-18-2025 12:34:33: 	[0mPOST /client/api/v1/product/all [33m422[0m 45.370 ms - 47[0m

info: Jun-18-2025 12:34:35: 	[0mPOST /client/api/v1/product/all [32m200[0m 47.432 ms - 1155[0m

info: Jun-18-2025 12:34:36: 	[0mPOST /client/api/v1/product/all [32m200[0m 45.672 ms - 663[0m

info: Jun-18-2025 12:34:37: 	[0mPOST /client/api/v1/product/all [32m200[0m 46.117 ms - 415[0m

info: Jun-18-2025 12:34:37: 	[0mPOST /client/api/v1/product/all [32m200[0m 44.735 ms - 415[0m

info: Jun-18-2025 12:34:38: 	[0mPOST /client/api/v1/product/all [32m200[0m 43.118 ms - 1155[0m

info: Jun-18-2025 12:34:42: 	[0mGET /client/api/v1/category/all [36m304[0m 36.092 ms - -[0m

info: Jun-18-2025 12:34:42: 	[0mPOST /client/api/v1/product/all [32m200[0m 50.223 ms - 1155[0m

info: Jun-18-2025 12:35:18: 	[0mGET /client/api/v1/category/all [36m304[0m 30.892 ms - -[0m

info: Jun-18-2025 12:35:18: 	[0mPOST /client/api/v1/product/all [32m200[0m 46.479 ms - 1155[0m

info: Jun-18-2025 12:35:18: 	[0mGET /client/api/v1/category/all [36m304[0m 31.136 ms - -[0m

info: Jun-18-2025 12:35:18: 	[0mPOST /client/api/v1/product/all [32m200[0m 50.079 ms - 1155[0m

info: Jun-18-2025 12:35:19: 	[0mGET /client/api/v1/category/all [36m304[0m 30.620 ms - -[0m

info: Jun-18-2025 12:35:19: 	[0mPOST /client/api/v1/product/all [32m200[0m 44.311 ms - 1155[0m

info: Jun-18-2025 12:35:45: 	[0mDELETE /client/api/v1/product/delete/685264e3864e6ba12f9ab414 [32m200[0m 42.684 ms - 324[0m

info: Jun-18-2025 12:35:45: 	[0mPOST /client/api/v1/product/all [32m200[0m 49.783 ms - 907[0m

info: Jun-18-2025 12:35:47: 	[0mGET /client/api/v1/category/all [36m304[0m 34.269 ms - -[0m

info: Jun-18-2025 12:35:47: 	[0mPOST /client/api/v1/product/all [32m200[0m 48.504 ms - 907[0m

info: Jun-18-2025 12:35:55: 	[0mPOST /client/api/v1/product/all [33m422[0m 45.872 ms - 47[0m

info: Jun-18-2025 12:35:55: 	[0mPOST /client/api/v1/product/all [33m422[0m 47.211 ms - 47[0m

info: Jun-18-2025 12:35:56: 	[0mPOST /client/api/v1/product/all [32m200[0m 46.563 ms - 907[0m

info: Jun-18-2025 12:39:34: 	[0mGET /client/api/v1/category/all [36m304[0m 36.280 ms - -[0m

info: Jun-18-2025 12:39:34: 	[0mPOST /client/api/v1/product/all [32m200[0m 52.574 ms - 907[0m

info: Jun-18-2025 12:39:38: 	[0mGET /client/api/v1/category/all [36m304[0m 34.956 ms - -[0m

info: Jun-18-2025 12:39:38: 	[0mPOST /client/api/v1/product/all [32m200[0m 58.387 ms - 907[0m

info: Jun-18-2025 12:39:40: 	[0mGET /client/api/v1/category/all [36m304[0m 45.977 ms - -[0m

info: Jun-18-2025 12:39:42: 	[0mGET /client/api/v1/category/all [36m304[0m 34.530 ms - -[0m

info: Jun-18-2025 12:39:42: 	[0mPOST /client/api/v1/product/all [32m200[0m 53.292 ms - 907[0m

info: Jun-18-2025 12:40:42: 	[0mGET /client/api/v1/category/all [36m304[0m 40.599 ms - -[0m

info: Jun-18-2025 12:40:47: 	[0mGET /client/api/v1/category/all [36m304[0m 52.668 ms - -[0m

info: Jun-18-2025 12:40:47: 	[0mPOST /client/api/v1/product/all [32m200[0m 64.678 ms - 907[0m

info: Jun-18-2025 12:40:49: 	[0mGET /client/api/v1/category/all [36m304[0m 52.207 ms - -[0m

info: Jun-18-2025 12:40:49: 	[0mGET /client/api/v1/product/68526176864e6ba12f9ab2e7 [32m200[0m 48.341 ms - 325[0m

info: Jun-18-2025 12:40:57: 	[0mGET /client/api/v1/category/all [36m304[0m 35.666 ms - -[0m

info: Jun-18-2025 12:40:57: 	[0mGET /client/api/v1/product/68526176864e6ba12f9ab2e7 [36m304[0m 34.485 ms - -[0m

info: Jun-18-2025 12:41:00: 	[0mGET /client/api/v1/category/all [36m304[0m 44.022 ms - -[0m

info: Jun-18-2025 12:41:00: 	[0mGET /client/api/v1/product/68526176864e6ba12f9ab2e7 [36m304[0m 41.308 ms - -[0m

info: Jun-18-2025 12:41:09: 	[0mGET /client/api/v1/category/all [36m304[0m 32.805 ms - -[0m

info: Jun-18-2025 12:41:09: 	[0mGET /client/api/v1/product/68526176864e6ba12f9ab2e7 [36m304[0m 34.890 ms - -[0m

info: Jun-18-2025 12:41:12: 	[0mGET /client/api/v1/category/all [36m304[0m 32.754 ms - -[0m

info: Jun-18-2025 12:41:12: 	[0mGET /client/api/v1/product/68526176864e6ba12f9ab2e7 [36m304[0m 30.878 ms - -[0m

info: Jun-18-2025 12:41:31: 	[0mGET /client/api/v1/category/all [36m304[0m 35.679 ms - -[0m

info: Jun-18-2025 12:41:31: 	[0mGET /client/api/v1/product/68526176864e6ba12f9ab2e7 [36m304[0m 31.526 ms - -[0m

info: Jun-18-2025 12:41:35: 	[0mGET /client/api/v1/category/all [36m304[0m 32.966 ms - -[0m

info: Jun-18-2025 12:41:35: 	[0mGET /client/api/v1/product/68526176864e6ba12f9ab2e7 [36m304[0m 32.233 ms - -[0m

info: Jun-18-2025 12:41:39: 	[0mGET /client/api/v1/category/all [36m304[0m 35.504 ms - -[0m

info: Jun-18-2025 12:41:39: 	[0mGET /client/api/v1/product/68526176864e6ba12f9ab2e7 [36m304[0m 34.978 ms - -[0m

info: Jun-18-2025 12:41:44: 	[0mGET /client/api/v1/category/all [36m304[0m 44.396 ms - -[0m

info: Jun-18-2025 12:41:44: 	[0mGET /client/api/v1/product/68526176864e6ba12f9ab2e7 [36m304[0m 41.093 ms - -[0m

info: Jun-18-2025 12:41:46: 	[0mGET /client/api/v1/category/all [36m304[0m 31.844 ms - -[0m

info: Jun-18-2025 12:41:46: 	[0mGET /client/api/v1/product/68526176864e6ba12f9ab2e7 [36m304[0m 31.537 ms - -[0m

info: Jun-18-2025 12:41:56: 	[0mGET /client/api/v1/category/all [36m304[0m 45.424 ms - -[0m

info: Jun-18-2025 12:41:56: 	[0mGET /client/api/v1/product/68526176864e6ba12f9ab2e7 [36m304[0m 41.812 ms - -[0m

info: Jun-18-2025 12:41:59: 	[0mGET /client/api/v1/category/all [36m304[0m 34.031 ms - -[0m

info: Jun-18-2025 12:41:59: 	[0mGET /client/api/v1/product/68526176864e6ba12f9ab2e7 [36m304[0m 32.122 ms - -[0m

info: Jun-18-2025 12:42:03: 	[0mGET /client/api/v1/category/all [36m304[0m 33.697 ms - -[0m

info: Jun-18-2025 12:42:03: 	[0mGET /client/api/v1/product/68526176864e6ba12f9ab2e7 [36m304[0m 32.481 ms - -[0m

info: Jun-18-2025 12:42:04: 	[0mGET /client/api/v1/category/all [36m304[0m 32.216 ms - -[0m

info: Jun-18-2025 12:42:04: 	[0mGET /client/api/v1/product/68526176864e6ba12f9ab2e7 [36m304[0m 34.278 ms - -[0m

info: Jun-18-2025 12:42:13: 	[0mGET /client/api/v1/category/all [36m304[0m 38.617 ms - -[0m

info: Jun-18-2025 12:42:13: 	[0mGET /client/api/v1/product/68526176864e6ba12f9ab2e7 [36m304[0m 36.809 ms - -[0m

info: Jun-18-2025 12:42:14: 	[0mGET /client/api/v1/category/all [36m304[0m 32.003 ms - -[0m

info: Jun-18-2025 12:42:14: 	[0mGET /client/api/v1/product/68526176864e6ba12f9ab2e7 [36m304[0m 33.511 ms - -[0m

info: Jun-18-2025 12:42:21: 	[0mGET /client/api/v1/category/all [36m304[0m 31.999 ms - -[0m

info: Jun-18-2025 12:42:21: 	[0mGET /client/api/v1/product/68526176864e6ba12f9ab2e7 [36m304[0m 30.875 ms - -[0m

info: Jun-18-2025 12:42:23: 	[0mGET /client/api/v1/category/all [36m304[0m 36.916 ms - -[0m

info: Jun-18-2025 12:42:23: 	[0mGET /client/api/v1/product/68526176864e6ba12f9ab2e7 [36m304[0m 37.209 ms - -[0m

info: Jun-18-2025 12:42:24: 	[0mGET /client/api/v1/category/all [36m304[0m 33.555 ms - -[0m

info: Jun-18-2025 12:42:24: 	[0mGET /client/api/v1/product/68526176864e6ba12f9ab2e7 [36m304[0m 32.190 ms - -[0m

info: Jun-18-2025 12:42:25: 	[0mGET /client/api/v1/category/all [36m304[0m 43.923 ms - -[0m

info: Jun-18-2025 12:42:25: 	[0mPOST /client/api/v1/product/all [32m200[0m 58.800 ms - 907[0m

info: Jun-18-2025 12:42:31: 	[0mPOST /client/api/v1/product/all [33m422[0m 61.247 ms - 47[0m

info: Jun-18-2025 12:42:31: 	[0mPOST /client/api/v1/product/all [33m422[0m 57.028 ms - 47[0m

info: Jun-18-2025 12:42:32: 	[0mPOST /client/api/v1/product/all [32m200[0m 55.014 ms - 907[0m

info: Jun-18-2025 12:43:06: 	[0mGET /client/api/v1/category/all [36m304[0m 52.079 ms - -[0m

info: Jun-18-2025 12:43:06: 	[0mPOST /client/api/v1/product/all [32m200[0m 62.047 ms - 907[0m

info: Jun-18-2025 12:43:06: 	[0mGET /client/api/v1/category/all [36m304[0m 36.542 ms - -[0m

info: Jun-18-2025 12:43:06: 	[0mPOST /client/api/v1/product/all [32m200[0m 59.185 ms - 907[0m

